2025-06-03 07:37:32 INFO  - HV000001: Hibernate Validator 8.0.2.Final
2025-06-03 07:37:32 INFO  - Starting TeacherApplication using Java 17.0.13 with PID 18264 (C:\Users\Brandon\IdeaProjects\teachers7\build\classes\java\main started by Brandon in C:\Users\Brandon\IdeaProjects\teachers7)
2025-06-03 07:37:32 INFO  - The following 1 profile is active: "test"
2025-06-03 07:37:33 INFO  - Bootstrapping Spring Data JPA repositories in DEFAULT mode.
2025-06-03 07:37:33 INFO  - Finished Spring Data repository scanning in 68 ms. Found 3 JPA repository interfaces.
2025-06-03 07:37:34 INFO  - Tomcat initialized with port 8080 (http)
2025-06-03 07:37:34 INFO  - Root WebApplicationContext: initialization completed in 1897 ms
2025-06-03 07:37:34 INFO  - HHH000412: Hibernate ORM core version 6.6.15.Final
2025-06-03 07:37:34 INFO  - HHH000026: Second-level cache disabled
2025-06-03 07:37:35 INFO  - No LoadTimeWeaver setup: ignoring JPA class transformer
2025-06-03 07:37:35 WARN  - HHH90000025: MySQLDialect does not need to be specified explicitly using 'hibernate.dialect' (remove the property setting and it will be selected by default)
2025-06-03 07:37:35 INFO  - HHH10001005: Database info:
	Database JDBC URL [Connecting through datasource 'HikariDataSource (HikariPool-1)']
	Database driver: undefined/unknown
	Database version: 8.0.41
	Autocommit mode: undefined/unknown
	Isolation level: undefined/unknown
	Minimum pool size: undefined/unknown
	Maximum pool size: undefined/unknown
2025-06-03 07:37:37 INFO  - HHH000489: No JTA platform available (set 'hibernate.transaction.jta.platform' to enable JTA platform integration)
2025-06-03 07:37:37 INFO  - Initialized JPA EntityManagerFactory for persistence unit 'default'
2025-06-03 07:37:37 INFO  - Global AuthenticationManager configured with AuthenticationProvider bean with name authenticationProvider
2025-06-03 07:37:37 WARN  - Global AuthenticationManager configured with an AuthenticationProvider bean. UserDetailsService beans will not be used by Spring Security for automatically configuring username/password login. Consider removing the AuthenticationProvider bean. Alternatively, consider using the UserDetailsService in a manually instantiated DaoAuthenticationProvider. If the current configuration is intentional, to turn off this warning, increase the logging level of 'org.springframework.security.config.annotation.authentication.configuration.InitializeUserDetailsBeanManagerConfigurer' to ERROR
2025-06-03 07:37:37 WARN  - spring.jpa.open-in-view is enabled by default. Therefore, database queries may be performed during view rendering. Explicitly configure spring.jpa.open-in-view to disable this warning
2025-06-03 07:37:37 INFO  - Adding welcome page template: index
2025-06-03 07:37:38 INFO  - Tomcat started on port 8080 (http) with context path '/'
2025-06-03 07:37:38 INFO  - Started TeacherApplication in 6.651 seconds (process running for 7.128)
2025-06-03 07:37:42 INFO  - Initializing Servlet 'dispatcherServlet'
2025-06-03 07:37:42 INFO  - Completed initialization in 2 ms
2025-06-03 07:39:20 INFO  - Teacher with id=1 inserted
