2025-06-02 19:49:35 INFO  com.zaxxer.hikari.HikariDataSource - HikariPool-1 - Starting...
2025-06-02 20:09:20 INFO  com.zaxxer.hikari.HikariDataSource - HikariPool-1 - Starting...
2025-06-02 20:15:09 INFO  com.zaxxer.hikari.HikariDataSource - HikariPool-1 - Starting...
2025-06-02 20:15:09 INFO  com.zaxxer.hikari.pool.HikariPool - HikariPool-1 - Added connection com.mysql.cj.jdbc.ConnectionImpl@5a2035e1
2025-06-02 20:15:09 INFO  com.zaxxer.hikari.HikariDataSource - HikariPool-1 - Start completed.
2025-06-02 20:15:09 INFO  com.zaxxer.hikari.HikariDataSource - HikariPool-1 - Shutdown initiated...
2025-06-02 20:15:09 INFO  com.zaxxer.hikari.HikariDataSource - HikariPool-1 - Shutdown completed.
2025-06-02 20:17:45 INFO  com.zaxxer.hikari.HikariDataSource - HikariPool-1 - Starting...
2025-06-02 20:17:45 INFO  com.zaxxer.hikari.pool.HikariPool - HikariPool-1 - Added connection com.mysql.cj.jdbc.ConnectionImpl@15a484a9
2025-06-02 20:17:45 INFO  com.zaxxer.hikari.HikariDataSource - HikariPool-1 - Start completed.
2025-06-02 20:17:45 INFO  com.zaxxer.hikari.HikariDataSource - HikariPool-1 - Shutdown initiated...
2025-06-02 20:17:45 INFO  com.zaxxer.hikari.HikariDataSource - HikariPool-1 - Shutdown completed.
2025-06-02 20:25:11 INFO  com.zaxxer.hikari.HikariDataSource - HikariPool-1 - Starting...
2025-06-02 20:25:11 INFO  com.zaxxer.hikari.pool.HikariPool - HikariPool-1 - Added connection com.mysql.cj.jdbc.ConnectionImpl@57b130f6
2025-06-02 20:25:11 INFO  com.zaxxer.hikari.HikariDataSource - HikariPool-1 - Start completed.
2025-06-02 20:29:23 INFO  com.zaxxer.hikari.HikariDataSource - HikariPool-1 - Starting...
2025-06-02 20:29:24 INFO  com.zaxxer.hikari.pool.HikariPool - HikariPool-1 - Added connection com.mysql.cj.jdbc.ConnectionImpl@2b01c689
2025-06-02 20:29:24 INFO  com.zaxxer.hikari.HikariDataSource - HikariPool-1 - Start completed.
2025-06-02 20:30:36 INFO  com.zaxxer.hikari.HikariDataSource - HikariPool-1 - Starting...
2025-06-02 20:30:37 INFO  com.zaxxer.hikari.pool.HikariPool - HikariPool-1 - Added connection com.mysql.cj.jdbc.ConnectionImpl@1cb44a2f
2025-06-02 20:30:37 INFO  com.zaxxer.hikari.HikariDataSource - HikariPool-1 - Start completed.
2025-06-02 20:50:00 INFO  com.zaxxer.hikari.HikariDataSource - HikariPool-1 - Starting...
2025-06-02 20:50:00 INFO  com.zaxxer.hikari.pool.HikariPool - HikariPool-1 - Added connection com.mysql.cj.jdbc.ConnectionImpl@5e681097
2025-06-02 20:50:00 INFO  com.zaxxer.hikari.HikariDataSource - HikariPool-1 - Start completed.
